[     168ms] [ERROR] Failed to load resource: the server responded with a status of 500 (Internal Server Error) @ http://localhost:3000/about:0
[     285ms] Error: Invalid src prop (https://images.unsplash.com/photo-1561070791-2526d30994b5?w=1440&h=600&fit=crop) on `next/image`, hostname "images.unsplash.com" is not configured under images in your `next.config.js`
See more info: https://nextjs.org/docs/messages/next-image-unconfigured-host
    at defaultLoader (http://localhost:3000/_next/static/chunks/d2e4e_next_e42bdb1b._.js:2771:49)
    at http://localhost:3000/_next/static/chunks/d2e4e_next_e42bdb1b._.js:216:39
    at Array.map (<anonymous>)
    at generateImgAttrs (http://localhost:3000/_next/static/chunks/d2e4e_next_e42bdb1b._.js:216:24)
    at getImgProps (http://localhost:3000/_next/static/chunks/d2e4e_next_e42bdb1b._.js:629:27)
    at http://localhost:3000/_next/static/chunks/d2e4e_next_e42bdb1b._.js:3104:82
    at Object.react_stack_bottom_frame (http://localhost:3000/_next/static/chunks/d2e4e_next_dist_compiled_react-dom_15110261._.js:14826:24)
    at renderWithHooks (http://localhost:3000/_next/static/chunks/d2e4e_next_dist_compiled_react-dom_15110261._.js:4651:24)
    at updateForwardRef (http://localhost:3000/_next/static/chunks/d2e4e_next_dist_compiled_react-dom_15110261._.js:5939:21)
    at beginWork (http://localhost:3000/_next/static/chunks/d2e4e_next_dist_compiled_react-dom_15110261._.js:6783:24)
    at runWithFiberInDEV (http://localhost:3000/_next/static/chunks/d2e4e_next_dist_compiled_react-dom_15110261._.js:965:74)
    at performUnitOfWork (http://localhost:3000/_next/static/chunks/d2e4e_next_dist_compiled_react-dom_15110261._.js:9562:97)
    at workLoopSync (http://localhost:3000/_next/static/chunks/d2e4e_next_dist_compiled_react-dom_15110261._.js:9456:40)
    at renderRootSync (http://localhost:3000/_next/static/chunks/d2e4e_next_dist_compiled_react-dom_15110261._.js:9440:13)
    at performWorkOnRoot (http://localhost:3000/_next/static/chunks/d2e4e_next_dist_compiled_react-dom_15110261._.js:9105:47)
    at performWorkOnRootViaSchedulerTask (http://localhost:3000/_next/static/chunks/d2e4e_next_dist_compiled_react-dom_15110261._.js:10230:9)
    at MessagePort.performWorkUntilDeadline (http://localhost:3000/_next/static/chunks/d2e4e_next_dist_compiled_eb14b7b8._.js:2647:64)
[    3301ms] [WARNING] The resource http://localhost:3000/_next/static/chunks/%5Broot-of-the-server%5D__298f479f._.css was preloaded using link preload but not used within a few seconds from the window's load event. Please make sure it has an appropriate `as` value and it is preloaded intentionally. @ http://localhost:3000/about:0
