[    5982ms] [WARNING] Image with src "/images/work/4faa951355a8f510b4cae6ecebd47e56d08a3b80.png" was detected as the Largest Contentful Paint (LCP). Please add the `loading="eager"` property if this image is above the fold.
Read more: https://nextjs.org/docs/app/api-reference/components/image#loading @ http://localhost:3000/_next/static/chunks/d2e4e_next_dist_71fc4efb._.js:2297
[   85130ms] [WARNING] Image with src "/images/work/3877b96f146fe94b5b2f801e87e709e8db117c72.png" was detected as the Largest Contentful Paint (LCP). Please add the `loading="eager"` property if this image is above the fold.
Read more: https://nextjs.org/docs/app/api-reference/components/image#loading @ http://localhost:3000/_next/static/chunks/d2e4e_next_dist_71fc4efb._.js:2297
[  144611ms] [ERROR] An empty string ("") was passed to the %s attribute. This may cause the browser to download the whole page again over the network. To fix this, either do not render the element at all or pass null to %s instead of an empty string. src src @ http://localhost:3000/_next/static/chunks/d2e4e_next_dist_71fc4efb._.js:3127
[  144612ms] [ERROR] An empty string ("") was passed to the %s attribute. This may cause the browser to download the whole page again over the network. To fix this, either do not render the element at all or pass null to %s instead of an empty string. src src @ http://localhost:3000/_next/static/chunks/d2e4e_next_dist_71fc4efb._.js:3127
[  144613ms] [ERROR] An empty string ("") was passed to the %s attribute. This may cause the browser to download the whole page again over the network. To fix this, either do not render the element at all or pass null to %s instead of an empty string. src src @ http://localhost:3000/_next/static/chunks/d2e4e_next_dist_71fc4efb._.js:3127
[  144614ms] [ERROR] An empty string ("") was passed to the %s attribute. This may cause the browser to download the whole page again over the network. To fix this, either do not render the element at all or pass null to %s instead of an empty string. src src @ http://localhost:3000/_next/static/chunks/d2e4e_next_dist_71fc4efb._.js:3127
[  144614ms] [ERROR] An empty string ("") was passed to the %s attribute. This may cause the browser to download the whole page again over the network. To fix this, either do not render the element at all or pass null to %s instead of an empty string. src src @ http://localhost:3000/_next/static/chunks/d2e4e_next_dist_71fc4efb._.js:3127
[  144615ms] [ERROR] An empty string ("") was passed to the %s attribute. This may cause the browser to download the whole page again over the network. To fix this, either do not render the element at all or pass null to %s instead of an empty string. src src @ http://localhost:3000/_next/static/chunks/d2e4e_next_dist_71fc4efb._.js:3127
[  144615ms] [ERROR] An empty string ("") was passed to the %s attribute. This may cause the browser to download the whole page again over the network. To fix this, either do not render the element at all or pass null to %s instead of an empty string. src src @ http://localhost:3000/_next/static/chunks/d2e4e_next_dist_71fc4efb._.js:3127
[  144616ms] [ERROR] An empty string ("") was passed to the %s attribute. This may cause the browser to download the whole page again over the network. To fix this, either do not render the element at all or pass null to %s instead of an empty string. src src @ http://localhost:3000/_next/static/chunks/d2e4e_next_dist_71fc4efb._.js:3127
[  144616ms] [ERROR] An empty string ("") was passed to the %s attribute. This may cause the browser to download the whole page again over the network. To fix this, either do not render the element at all or pass null to %s instead of an empty string. src src @ http://localhost:3000/_next/static/chunks/d2e4e_next_dist_71fc4efb._.js:3127
[  144617ms] [ERROR] An empty string ("") was passed to the %s attribute. This may cause the browser to download the whole page again over the network. To fix this, either do not render the element at all or pass null to %s instead of an empty string. src src @ http://localhost:3000/_next/static/chunks/d2e4e_next_dist_71fc4efb._.js:3127
[  144617ms] [ERROR] Image is missing required "src" property: JSHandle@node @ http://localhost:3000/_next/static/chunks/d2e4e_next_dist_71fc4efb._.js:3127
[  144618ms] [ERROR] Image is missing required "src" property: JSHandle@node @ http://localhost:3000/_next/static/chunks/d2e4e_next_dist_71fc4efb._.js:3127
[  144619ms] [ERROR] Image is missing required "src" property: JSHandle@node @ http://localhost:3000/_next/static/chunks/d2e4e_next_dist_71fc4efb._.js:3127
[  144619ms] [ERROR] Image is missing required "src" property: JSHandle@node @ http://localhost:3000/_next/static/chunks/d2e4e_next_dist_71fc4efb._.js:3127
[  144619ms] [ERROR] Image is missing required "src" property: JSHandle@node @ http://localhost:3000/_next/static/chunks/d2e4e_next_dist_71fc4efb._.js:3127
[  144620ms] [ERROR] Image is missing required "src" property: JSHandle@node @ http://localhost:3000/_next/static/chunks/d2e4e_next_dist_71fc4efb._.js:3127
[  144620ms] [ERROR] Image is missing required "src" property: JSHandle@node @ http://localhost:3000/_next/static/chunks/d2e4e_next_dist_71fc4efb._.js:3127
[  144620ms] [ERROR] Image is missing required "src" property: JSHandle@node @ http://localhost:3000/_next/static/chunks/d2e4e_next_dist_71fc4efb._.js:3127
[  144620ms] [ERROR] Image is missing required "src" property: JSHandle@node @ http://localhost:3000/_next/static/chunks/d2e4e_next_dist_71fc4efb._.js:3127
[  144621ms] [ERROR] Image is missing required "src" property: JSHandle@node @ http://localhost:3000/_next/static/chunks/d2e4e_next_dist_71fc4efb._.js:3127
[  155554ms] [ERROR] An empty string ("") was passed to the %s attribute. This may cause the browser to download the whole page again over the network. To fix this, either do not render the element at all or pass null to %s instead of an empty string. src src @ http://localhost:3000/_next/static/chunks/d2e4e_next_dist_71fc4efb._.js:3127
[  155554ms] [ERROR] An empty string ("") was passed to the %s attribute. This may cause the browser to download the whole page again over the network. To fix this, either do not render the element at all or pass null to %s instead of an empty string. src src @ http://localhost:3000/_next/static/chunks/d2e4e_next_dist_71fc4efb._.js:3127
[  155555ms] [ERROR] An empty string ("") was passed to the %s attribute. This may cause the browser to download the whole page again over the network. To fix this, either do not render the element at all or pass null to %s instead of an empty string. src src @ http://localhost:3000/_next/static/chunks/d2e4e_next_dist_71fc4efb._.js:3127
[  155555ms] [ERROR] An empty string ("") was passed to the %s attribute. This may cause the browser to download the whole page again over the network. To fix this, either do not render the element at all or pass null to %s instead of an empty string. src src @ http://localhost:3000/_next/static/chunks/d2e4e_next_dist_71fc4efb._.js:3127
[  155555ms] [ERROR] An empty string ("") was passed to the %s attribute. This may cause the browser to download the whole page again over the network. To fix this, either do not render the element at all or pass null to %s instead of an empty string. src src @ http://localhost:3000/_next/static/chunks/d2e4e_next_dist_71fc4efb._.js:3127
[  155555ms] [ERROR] An empty string ("") was passed to the %s attribute. This may cause the browser to download the whole page again over the network. To fix this, either do not render the element at all or pass null to %s instead of an empty string. src src @ http://localhost:3000/_next/static/chunks/d2e4e_next_dist_71fc4efb._.js:3127
[  155555ms] [ERROR] An empty string ("") was passed to the %s attribute. This may cause the browser to download the whole page again over the network. To fix this, either do not render the element at all or pass null to %s instead of an empty string. src src @ http://localhost:3000/_next/static/chunks/d2e4e_next_dist_71fc4efb._.js:3127
[  155556ms] [ERROR] An empty string ("") was passed to the %s attribute. This may cause the browser to download the whole page again over the network. To fix this, either do not render the element at all or pass null to %s instead of an empty string. src src @ http://localhost:3000/_next/static/chunks/d2e4e_next_dist_71fc4efb._.js:3127
[  155556ms] [ERROR] An empty string ("") was passed to the %s attribute. This may cause the browser to download the whole page again over the network. To fix this, either do not render the element at all or pass null to %s instead of an empty string. src src @ http://localhost:3000/_next/static/chunks/d2e4e_next_dist_71fc4efb._.js:3127
[  155558ms] [ERROR] An empty string ("") was passed to the %s attribute. This may cause the browser to download the whole page again over the network. To fix this, either do not render the element at all or pass null to %s instead of an empty string. src src @ http://localhost:3000/_next/static/chunks/d2e4e_next_dist_71fc4efb._.js:3127
[  155560ms] [ERROR] Image is missing required "src" property: JSHandle@node @ http://localhost:3000/_next/static/chunks/d2e4e_next_dist_71fc4efb._.js:3127
[  155560ms] [ERROR] Image is missing required "src" property: JSHandle@node @ http://localhost:3000/_next/static/chunks/d2e4e_next_dist_71fc4efb._.js:3127
[  155560ms] [ERROR] Image is missing required "src" property: JSHandle@node @ http://localhost:3000/_next/static/chunks/d2e4e_next_dist_71fc4efb._.js:3127
[  155561ms] [ERROR] Image is missing required "src" property: JSHandle@node @ http://localhost:3000/_next/static/chunks/d2e4e_next_dist_71fc4efb._.js:3127
[  155561ms] [ERROR] Image is missing required "src" property: JSHandle@node @ http://localhost:3000/_next/static/chunks/d2e4e_next_dist_71fc4efb._.js:3127
[  155561ms] [ERROR] Image is missing required "src" property: JSHandle@node @ http://localhost:3000/_next/static/chunks/d2e4e_next_dist_71fc4efb._.js:3127
[  155562ms] [ERROR] Image is missing required "src" property: JSHandle@node @ http://localhost:3000/_next/static/chunks/d2e4e_next_dist_71fc4efb._.js:3127
[  155562ms] [ERROR] Image is missing required "src" property: JSHandle@node @ http://localhost:3000/_next/static/chunks/d2e4e_next_dist_71fc4efb._.js:3127
[  155562ms] [ERROR] Image is missing required "src" property: JSHandle@node @ http://localhost:3000/_next/static/chunks/d2e4e_next_dist_71fc4efb._.js:3127
[  155562ms] [ERROR] Image is missing required "src" property: JSHandle@node @ http://localhost:3000/_next/static/chunks/d2e4e_next_dist_71fc4efb._.js:3127
[  443103ms] [WARNING] Image with src "/images/work/Rectangle 240652487-5.png" was detected as the Largest Contentful Paint (LCP). Please add the `loading="eager"` property if this image is above the fold.
Read more: https://nextjs.org/docs/app/api-reference/components/image#loading @ http://localhost:3000/_next/static/chunks/d2e4e_next_dist_71fc4efb._.js:2297
[  510253ms] [WARNING] Image with src "/images/work/Rectangle%20240652487-6.png" was detected as the Largest Contentful Paint (LCP). Please add the `loading="eager"` property if this image is above the fold.
Read more: https://nextjs.org/docs/app/api-reference/components/image#loading @ http://localhost:3000/_next/static/chunks/d2e4e_next_dist_71fc4efb._.js:2297
